<?xml version="1.0" encoding="UTF-8"?>
<testsuite name="Task1HappyArrayTest" tests="6" skipped="0" failures="0" errors="0" timestamp="2020-03-21T15:44:36" hostname="endless" time="0.067">
  <properties/>
  <testcase name="testTask1Array1" classname="Task1HappyArrayTest" time="0.065"/>
  <testcase name="testTask1Array2" classname="Task1HappyArrayTest" time="0.001"/>
  <testcase name="testTask1Array3" classname="Task1HappyArrayTest" time="0.0"/>
  <testcase name="testTask1Array4" classname="Task1HappyArrayTest" time="0.001"/>
  <testcase name="testTask1Array5" classname="Task1HappyArrayTest" time="0.0"/>
  <testcase name="testTask1Array6" classname="Task1HappyArrayTest" time="0.0"/>
  <system-out><![CDATA[]]></system-out>
  <system-err><![CDATA[]]></system-err>
</testsuite>
