<?xml version="1.0" encoding="UTF-8"?>
<testsuite name="Task1MiniMaxSumTest" tests="4" skipped="0" failures="0" errors="0" timestamp="2020-03-21T15:44:36" hostname="endless" time="0.004">
  <properties/>
  <testcase name="testMiniMaxSum1" classname="Task1MiniMaxSumTest" time="0.0"/>
  <testcase name="testMiniMaxSum2" classname="Task1MiniMaxSumTest" time="0.001"/>
  <testcase name="testMiniMaxSum3" classname="Task1MiniMaxSumTest" time="0.001"/>
  <testcase name="testMiniMaxSum4" classname="Task1MiniMaxSumTest" time="0.001"/>
  <system-out><![CDATA[]]></system-out>
  <system-err><![CDATA[]]></system-err>
</testsuite>
