<?xml version="1.0" encoding="UTF-8"?>
<testsuite name="Task1StringParserTest" tests="3" skipped="0" failures="0" errors="0" timestamp="2020-03-21T15:44:36" hostname="endless" time="0.006">
  <properties/>
  <testcase name="testStringParser1" classname="Task1StringParserTest" time="0.001"/>
  <testcase name="testStringParser2" classname="Task1StringParserTest" time="0.002"/>
  <testcase name="testStringParser3" classname="Task1StringParserTest" time="0.001"/>
  <system-out><![CDATA[]]></system-out>
  <system-err><![CDATA[]]></system-err>
</testsuite>
