<?xml version="1.0" encoding="UTF-8"?>
<testsuite name="Task1HighestPalindromeTest" tests="3" skipped="0" failures="0" errors="0" timestamp="2020-03-21T15:44:36" hostname="endless" time="0.005">
  <properties/>
  <testcase name="testTask5HighestPalindrome1" classname="Task1HighestPalindromeTest" time="0.003"/>
  <testcase name="testTask5HighestPalindrome2" classname="Task1HighestPalindromeTest" time="0.0"/>
  <testcase name="testTask5HighestPalindrome3" classname="Task1HighestPalindromeTest" time="0.001"/>
  <system-out><![CDATA[]]></system-out>
  <system-err><![CDATA[]]></system-err>
</testsuite>
